
Currently Loaded Modules:
  1) gcc/9.3.0

CommandNotFoundError: Your shell has not been properly configured to use 'conda activate'.
To initialize your shell, run

    $ conda init <SHELL_NAME>

Currently supported shells are:
  - bash
  - fish
  - tcsh
  - xonsh
  - zsh
  - powershell

See 'conda init --help' for more information and options.

IMPORTANT: You may need to close and restart your shell after running 'conda init'.


/home/kchao10/miniconda3/envs/spliceai/bin/python
['', '/home/kchao10/miniconda3/envs/spliceai/lib/python39.zip', '/home/kchao10/miniconda3/envs/spliceai/lib/python3.9', '/home/kchao10/miniconda3/envs/spliceai/lib/python3.9/lib-dynload', '/home/kchao10/miniconda3/envs/spliceai/lib/python3.9/site-packages']
--- Processing train ... ---
	Reading datafile.h5 ... 
len(self.SEQ):  12928
X_tensor.shape:  (2, 15000, 4)
Y_tensor.shape:  (2, 5000, 3)
X_tensor.shape:  (10, 15000, 4)
Y_tensor.shape:  (10, 5000, 3)
X_tensor.shape:  (3, 15000, 4)
Y_tensor.shape:  (3, 5000, 3)
X_tensor.shape:  (2, 15000, 4)
Y_tensor.shape:  (2, 5000, 3)
X_tensor.shape:  (3, 15000, 4)
Y_tensor.shape:  (3, 5000, 3)
X_tensor.shape:  (84, 15000, 4)
Y_tensor.shape:  (84, 5000, 3)
X_tensor.shape:  (34, 15000, 4)
Y_tensor.shape:  (34, 5000, 3)
X_tensor.shape:  (23, 15000, 4)
Y_tensor.shape:  (23, 5000, 3)
X_tensor.shape:  (109, 15000, 4)
Y_tensor.shape:  (109, 5000, 3)
X_tensor.shape:  (38, 15000, 4)
Y_tensor.shape:  (38, 5000, 3)
X_tensor.shape:  (20, 15000, 4)
Y_tensor.shape:  (20, 5000, 3)
X_tensor.shape:  (5, 15000, 4)
Y_tensor.shape:  (5, 5000, 3)
X_tensor.shape:  (6, 15000, 4)
Y_tensor.shape:  (6, 5000, 3)
X_tensor.shape:  (2, 15000, 4)
Y_tensor.shape:  (2, 5000, 3)
X_tensor.shape:  (10, 15000, 4)
Y_tensor.shape:  (10, 5000, 3)
X_tensor.shape:  (12, 15000, 4)
Y_tensor.shape:  (12, 5000, 3)
X_tensor.shape:  (29, 15000, 4)
Y_tensor.shape:  (29, 5000, 3)
X_tensor.shape:  (6, 15000, 4)
Y_tensor.shape:  (6, 5000, 3)
X_tensor.shape:  (7, 15000, 4)
Y_tensor.shape:  (7, 5000, 3)
X_tensor.shape:  (32, 15000, 4)
Y_tensor.shape:  (32, 5000, 3)
X_tensor.shape:  (1, 15000, 4)
Y_tensor.shape:  (1, 5000, 3)
X_tensor.shape:  (24, 15000, 4)
Y_tensor.shape:  (24, 5000, 3)
X_tensor.shape:  (31, 15000, 4)
Y_tensor.shape:  (31, 5000, 3)
X_tensor.shape:  (40, 15000, 4)
Y_tensor.shape:  (40, 5000, 3)
X_tensor.shape:  (5, 15000, 4)
Y_tensor.shape:  (5, 5000, 3)
X_tensor.shape:  (10, 15000, 4)
Y_tensor.shape:  (10, 5000, 3)
X_tensor.shape:  (8, 15000, 4)
Y_tensor.shape:  (8, 5000, 3)
X_tensor.shape:  (14, 15000, 4)
Y_tensor.shape:  (14, 5000, 3)
X_tensor.shape:  (10, 15000, 4)
Y_tensor.shape:  (10, 5000, 3)
X_tensor.shape:  (19, 15000, 4)
Y_tensor.shape:  (19, 5000, 3)
X_tensor.shape:  (11, 15000, 4)
Y_tensor.shape:  (11, 5000, 3)
X_tensor.shape:  (3, 15000, 4)
Y_tensor.shape:  (3, 5000, 3)
X_tensor.shape:  (5, 15000, 4)
Y_tensor.shape:  (5, 5000, 3)
X_tensor.shape:  (18, 15000, 4)
Y_tensor.shape:  (18, 5000, 3)
X_tensor.shape:  (25, 15000, 4)
Y_tensor.shape:  (25, 5000, 3)
X_tensor.shape:  (2, 15000, 4)
Y_tensor.shape:  (2, 5000, 3)
X_tensor.shape:  (24, 15000, 4)
Y_tensor.shape:  (24, 5000, 3)
X_tensor.shape:  (13, 15000, 4)
Y_tensor.shape:  (13, 5000, 3)
X_tensor.shape:  (11, 15000, 4)
Y_tensor.shape:  (11, 5000, 3)
X_tensor.shape:  (5, 15000, 4)
Y_tensor.shape:  (5, 5000, 3)
X_tensor.shape:  (5, 15000, 4)
Y_tensor.shape:  (5, 5000, 3)
X_tensor.shape:  (34, 15000, 4)
Y_tensor.shape:  (34, 5000, 3)
X_tensor.shape:  (5, 15000, 4)
Y_tensor.shape:  (5, 5000, 3)
X_tensor.shape:  (32, 15000, 4)
Y_tensor.shape:  (32, 5000, 3)
X_tensor.shape:  (3, 15000, 4)
Y_tensor.shape:  (3, 5000, 3)
X_tensor.shape:  (30, 15000, 4)
Y_tensor.shape:  (30, 5000, 3)
X_tensor.shape:  (6, 15000, 4)
Y_tensor.shape:  (6, 5000, 3)
X_tensor.shape:  (4, 15000, 4)
Y_tensor.shape:  (4, 5000, 3)
X_tensor.shape:  (157, 15000, 4)
Y_tensor.shape:  (157, 5000, 3)
X_tensor.shape:  (8, 15000, 4)
Y_tensor.shape:  (8, 5000, 3)
X_tensor.shape:  (2, 15000, 4)
Y_tensor.shape:  (2, 5000, 3)
X_tensor.shape:  (24, 15000, 4)
Y_tensor.shape:  (24, 5000, 3)
X_tensor.shape:  (6, 15000, 4)
Y_tensor.shape:  (6, 5000, 3)
X_tensor.shape:  (24, 15000, 4)
Y_tensor.shape:  (24, 5000, 3)
X_tensor.shape:  (18, 15000, 4)
Y_tensor.shape:  (18, 5000, 3)
X_tensor.shape:  (8, 15000, 4)
Y_tensor.shape:  (8, 5000, 3)
X_tensor.shape:  (12, 15000, 4)
Y_tensor.shape:  (12, 5000, 3)
X_tensor.shape:  (2, 15000, 4)
Y_tensor.shape:  (2, 5000, 3)
X_tensor.shape:  (6, 15000, 4)
Y_tensor.shape:  (6, 5000, 3)
X_tensor.shape:  (3, 15000, 4)
Y_tensor.shape:  (3, 5000, 3)
X_tensor.shape:  (2, 15000, 4)
Y_tensor.shape:  (2, 5000, 3)
X_tensor.shape:  (16, 15000, 4)
Y_tensor.shape:  (16, 5000, 3)
X_tensor.shape:  (5, 15000, 4)
Y_tensor.shape:  (5, 5000, 3)
X_tensor.shape:  (4, 15000, 4)
Y_tensor.shape:  (4, 5000, 3)
X_tensor.shape:  (5, 15000, 4)
Y_tensor.shape:  (5, 5000, 3)
X_tensor.shape:  (21, 15000, 4)
Y_tensor.shape:  (21, 5000, 3)
X_tensor.shape:  (20, 15000, 4)
Y_tensor.shape:  (20, 5000, 3)
X_tensor.shape:  (3, 15000, 4)
Y_tensor.shape:  (3, 5000, 3)
X_tensor.shape:  (29, 15000, 4)
Y_tensor.shape:  (29, 5000, 3)
X_tensor.shape:  (9, 15000, 4)
Y_tensor.shape:  (9, 5000, 3)
X_tensor.shape:  (5, 15000, 4)
Y_tensor.shape:  (5, 5000, 3)
X_tensor.shape:  (65, 15000, 4)
Y_tensor.shape:  (65, 5000, 3)
X_tensor.shape:  (50, 15000, 4)
Y_tensor.shape:  (50, 5000, 3)
X_tensor.shape:  (16, 15000, 4)
Y_tensor.shape:  (16, 5000, 3)
X_tensor.shape:  (4, 15000, 4)
Y_tensor.shape:  (4, 5000, 3)
X_tensor.shape:  (4, 15000, 4)
Y_tensor.shape:  (4, 5000, 3)
X_tensor.shape:  (7, 15000, 4)
Y_tensor.shape:  (7, 5000, 3)
X_tensor.shape:  (2, 15000, 4)
Y_tensor.shape:  (2, 5000, 3)
X_tensor.shape:  (19, 15000, 4)
Y_tensor.shape:  (19, 5000, 3)
X_tensor.shape:  (2, 15000, 4)
Y_tensor.shape:  (2, 5000, 3)
X_tensor.shape:  (2, 15000, 4)
Y_tensor.shape:  (2, 5000, 3)
X_tensor.shape:  (4, 15000, 4)
Y_tensor.shape:  (4, 5000, 3)
X_tensor.shape:  (32, 15000, 4)
Y_tensor.shape:  (32, 5000, 3)
X_tensor.shape:  (56, 15000, 4)
Y_tensor.shape:  (56, 5000, 3)
X_tensor.shape:  (1, 15000, 4)
Y_tensor.shape:  (1, 5000, 3)
X_tensor.shape:  (6, 15000, 4)
Y_tensor.shape:  (6, 5000, 3)
X_tensor.shape:  (21, 15000, 4)
Y_tensor.shape:  (21, 5000, 3)
X_tensor.shape:  (6, 15000, 4)
Y_tensor.shape:  (6, 5000, 3)
X_tensor.shape:  (24, 15000, 4)
Y_tensor.shape:  (24, 5000, 3)
X_tensor.shape:  (2, 15000, 4)
Y_tensor.shape:  (2, 5000, 3)
X_tensor.shape:  (23, 15000, 4)
Y_tensor.shape:  (23, 5000, 3)
X_tensor.shape:  (60, 15000, 4)
Y_tensor.shape:  (60, 5000, 3)
X_tensor.shape:  (29, 15000, 4)
Y_tensor.shape:  (29, 5000, 3)
X_tensor.shape:  (12, 15000, 4)
Y_tensor.shape:  (12, 5000, 3)
X_tensor.shape:  (21, 15000, 4)
Y_tensor.shape:  (21, 5000, 3)
X_tensor.shape:  (7, 15000, 4)
Y_tensor.shape:  (7, 5000, 3)
X_tensor.shape:  (11, 15000, 4)
Y_tensor.shape:  (11, 5000, 3)
X_tensor.shape:  (10, 15000, 4)
Y_tensor.shape:  (10, 5000, 3)
X_tensor.shape:  (8, 15000, 4)
Y_tensor.shape:  (8, 5000, 3)
X_tensor.shape:  (10, 15000, 4)
Y_tensor.shape:  (10, 5000, 3)
X_tensor.shape:  (11, 15000, 4)
Y_tensor.shape:  (11, 5000, 3)
X_tensor.shape:  (21, 15000, 4)
Y_tensor.shape:  (21, 5000, 3)
X_tensor.shape:  (4, 15000, 4)
Y_tensor.shape:  (4, 5000, 3)
X_tensor.shape:  (13, 15000, 4)
Y_tensor.shape:  (13, 5000, 3)
X_tensor.shape:  (9, 15000, 4)
Y_tensor.shape:  (9, 5000, 3)
X_tensor.shape:  (4, 15000, 4)
Y_tensor.shape:  (4, 5000, 3)
X_tensor.shape:  (2, 15000, 4)
Y_tensor.shape:  (2, 5000, 3)
X_tensor.shape:  (21, 15000, 4)
Y_tensor.shape:  (21, 5000, 3)
X_tensor.shape:  (12, 15000, 4)
Y_tensor.shape:  (12, 5000, 3)
X_tensor.shape:  (2, 15000, 4)
Y_tensor.shape:  (2, 5000, 3)
X_tensor.shape:  (5, 15000, 4)
Y_tensor.shape:  (5, 5000, 3)
X_tensor.shape:  (1, 15000, 4)
Y_tensor.shape:  (1, 5000, 3)
X_tensor.shape:  (2, 15000, 4)
Y_tensor.shape:  (2, 5000, 3)
X_tensor.shape:  (3, 15000, 4)
Y_tensor.shape:  (3, 5000, 3)
X_tensor.shape:  (4, 15000, 4)
Y_tensor.shape:  (4, 5000, 3)
X_tensor.shape:  (2, 15000, 4)
Y_tensor.shape:  (2, 5000, 3)
X_tensor.shape:  (1, 15000, 4)
Y_tensor.shape:  (1, 5000, 3)
X_tensor.shape:  (1, 15000, 4)
Y_tensor.shape:  (1, 5000, 3)
X_tensor.shape:  (2, 15000, 4)
Y_tensor.shape:  (2, 5000, 3)
X_tensor.shape:  (3, 15000, 4)
Y_tensor.shape:  (3, 5000, 3)
X_tensor.shape:  (2, 15000, 4)
Y_tensor.shape:  (2, 5000, 3)
X_tensor.shape:  (6, 15000, 4)
Y_tensor.shape:  (6, 5000, 3)
X_tensor.shape:  (5, 15000, 4)
Y_tensor.shape:  (5, 5000, 3)
X_tensor.shape:  (2, 15000, 4)
Y_tensor.shape:  (2, 5000, 3)
X_tensor.shape:  (6, 15000, 4)
Y_tensor.shape:  (6, 5000, 3)
X_tensor.shape:  (1, 15000, 4)
Y_tensor.shape:  (1, 5000, 3)
X_tensor.shape:  (3, 15000, 4)
Y_tensor.shape:  (3, 5000, 3)
X_tensor.shape:  (7, 15000, 4)
Y_tensor.shape:  (7, 5000, 3)
X_tensor.shape:  (2, 15000, 4)
Y_tensor.shape:  (2, 5000, 3)
X_tensor.shape:  (2, 15000, 4)
Y_tensor.shape:  (2, 5000, 3)
X_tensor.shape:  (1, 15000, 4)
Y_tensor.shape:  (1, 5000, 3)
X_tensor.shape:  (6, 15000, 4)
Y_tensor.shape:  (6, 5000, 3)
X_tensor.shape:  (3, 15000, 4)
Y_tensor.shape:  (3, 5000, 3)
X_tensor.shape:  (1, 15000, 4)
Y_tensor.shape:  (1, 5000, 3)
X_tensor.shape:  (10, 15000, 4)
Y_tensor.shape:  (10, 5000, 3)
X_tensor.shape:  (1, 15000, 4)
Y_tensor.shape:  (1, 5000, 3)
X_tensor.shape:  (6, 15000, 4)
Y_tensor.shape:  (6, 5000, 3)
X_tensor.shape:  (10, 15000, 4)
Y_tensor.shape:  (10, 5000, 3)
X_tensor.shape:  (9, 15000, 4)
Y_tensor.shape:  (9, 5000, 3)
X_tensor.shape:  (1, 15000, 4)
Y_tensor.shape:  (1, 5000, 3)
X_tensor.shape:  (5, 15000, 4)
Y_tensor.shape:  (5, 5000, 3)
X_tensor.shape:  (5, 15000, 4)
Y_tensor.shape:  (5, 5000, 3)
X_tensor.shape:  (7, 15000, 4)
Y_tensor.shape:  (7, 5000, 3)
X_tensor.shape:  (2, 15000, 4)
Y_tensor.shape:  (2, 5000, 3)
X_tensor.shape:  (22, 15000, 4)
Y_tensor.shape:  (22, 5000, 3)
X_tensor.shape:  (91, 15000, 4)
Y_tensor.shape:  (91, 5000, 3)
X_tensor.shape:  (5, 15000, 4)
Y_tensor.shape:  (5, 5000, 3)
X_tensor.shape:  (30, 15000, 4)
Y_tensor.shape:  (30, 5000, 3)
X_tensor.shape:  (11, 15000, 4)
Y_tensor.shape:  (11, 5000, 3)
X_tensor.shape:  (8, 15000, 4)
Y_tensor.shape:  (8, 5000, 3)
X_tensor.shape:  (5, 15000, 4)
Y_tensor.shape:  (5, 5000, 3)
X_tensor.shape:  (11, 15000, 4)
Y_tensor.shape:  (11, 5000, 3)
X_tensor.shape:  (20, 15000, 4)
Y_tensor.shape:  (20, 5000, 3)
X_tensor.shape:  (3, 15000, 4)
Y_tensor.shape:  (3, 5000, 3)
X_tensor.shape:  (18, 15000, 4)
Y_tensor.shape:  (18, 5000, 3)
X_tensor.shape:  (146, 15000, 4)
Y_tensor.shape:  (146, 5000, 3)
X_tensor.shape:  (3, 15000, 4)
Y_tensor.shape:  (3, 5000, 3)
X_tensor.shape:  (6, 15000, 4)
Y_tensor.shape:  (6, 5000, 3)
X_tensor.shape:  (40, 15000, 4)
Y_tensor.shape:  (40, 5000, 3)
X_tensor.shape:  (17, 15000, 4)
Y_tensor.shape:  (17, 5000, 3)
X_tensor.shape:  (51, 15000, 4)
Y_tensor.shape:  (51, 5000, 3)
X_tensor.shape:  (13, 15000, 4)
Y_tensor.shape:  (13, 5000, 3)
X_tensor.shape:  (8, 15000, 4)
Y_tensor.shape:  (8, 5000, 3)
X_tensor.shape:  (17, 15000, 4)
Y_tensor.shape:  (17, 5000, 3)
X_tensor.shape:  (29, 15000, 4)
Y_tensor.shape:  (29, 5000, 3)
X_tensor.shape:  (29, 15000, 4)
Y_tensor.shape:  (29, 5000, 3)
X_tensor.shape:  (6, 15000, 4)
Y_tensor.shape:  (6, 5000, 3)
X_tensor.shape:  (19, 15000, 4)
Y_tensor.shape:  (19, 5000, 3)
X_tensor.shape:  (12, 15000, 4)
Y_tensor.shape:  (12, 5000, 3)
X_tensor.shape:  (9, 15000, 4)
Y_tensor.shape:  (9, 5000, 3)
X_tensor.shape:  (8, 15000, 4)
Y_tensor.shape:  (8, 5000, 3)
X_tensor.shape:  (53, 15000, 4)
Y_tensor.shape:  (53, 5000, 3)
X_tensor.shape:  (39, 15000, 4)
Y_tensor.shape:  (39, 5000, 3)
X_tensor.shape:  (91, 15000, 4)
Y_tensor.shape:  (91, 5000, 3)
X_tensor.shape:  (26, 15000, 4)
Y_tensor.shape:  (26, 5000, 3)
X_tensor.shape:  (4, 15000, 4)
Y_tensor.shape:  (4, 5000, 3)
X_tensor.shape:  (40, 15000, 4)
Y_tensor.shape:  (40, 5000, 3)
X_tensor.shape:  (10, 15000, 4)
Y_tensor.shape:  (10, 5000, 3)
X_tensor.shape:  (24, 15000, 4)
Y_tensor.shape:  (24, 5000, 3)
X_tensor.shape:  (26, 15000, 4)
Y_tensor.shape:  (26, 5000, 3)
X_tensor.shape:  (21, 15000, 4)
Y_tensor.shape:  (21, 5000, 3)
X_tensor.shape:  (3, 15000, 4)
Y_tensor.shape:  (3, 5000, 3)
X_tensor.shape:  (12, 15000, 4)
Y_tensor.shape:  (12, 5000, 3)
X_tensor.shape:  (6, 15000, 4)
Y_tensor.shape:  (6, 5000, 3)
X_tensor.shape:  (4, 15000, 4)
Y_tensor.shape:  (4, 5000, 3)
X_tensor.shape:  (6, 15000, 4)
Y_tensor.shape:  (6, 5000, 3)
X_tensor.shape:  (8, 15000, 4)
Y_tensor.shape:  (8, 5000, 3)
X_tensor.shape:  (15, 15000, 4)
Y_tensor.shape:  (15, 5000, 3)
X_tensor.shape:  (6, 15000, 4)
Y_tensor.shape:  (6, 5000, 3)
X_tensor.shape:  (7, 15000, 4)
Y_tensor.shape:  (7, 5000, 3)
X_tensor.shape:  (30, 15000, 4)
Y_tensor.shape:  (30, 5000, 3)
X_tensor.shape:  (2, 15000, 4)
Y_tensor.shape:  (2, 5000, 3)
X_tensor.shape:  (17, 15000, 4)
Y_tensor.shape:  (17, 5000, 3)
X_tensor.shape:  (9, 15000, 4)
Y_tensor.shape:  (9, 5000, 3)
X_tensor.shape:  (14, 15000, 4)
Y_tensor.shape:  (14, 5000, 3)
X_tensor.shape:  (2, 15000, 4)
Y_tensor.shape:  (2, 5000, 3)
X_tensor.shape:  (2, 15000, 4)
Y_tensor.shape:  (2, 5000, 3)
X_tensor.shape:  (16, 15000, 4)
Y_tensor.shape:  (16, 5000, 3)
X_tensor.shape:  (2, 15000, 4)
Y_tensor.shape:  (2, 5000, 3)
X_tensor.shape:  (18, 15000, 4)
Y_tensor.shape:  (18, 5000, 3)
X_tensor.shape:  (29, 15000, 4)
Y_tensor.shape:  (29, 5000, 3)
self.X_data.shape:  3143
self.Y_data.shape:  3143
dataloader:  <torch.utils.data.dataloader.DataLoader object at 0x15554179c850>
Batch X shape: torch.Size([100, 15000, 4])
Batch Y shape: torch.Size([100, 5000, 3])
Batch X shape: torch.Size([100, 15000, 4])
Batch Y shape: torch.Size([100, 5000, 3])
Batch X shape: torch.Size([100, 15000, 4])
Batch Y shape: torch.Size([100, 5000, 3])
Batch X shape: torch.Size([100, 15000, 4])
Batch Y shape: torch.Size([100, 5000, 3])
Batch X shape: torch.Size([100, 15000, 4])
Batch Y shape: torch.Size([100, 5000, 3])
Batch X shape: torch.Size([100, 15000, 4])
Batch Y shape: torch.Size([100, 5000, 3])
Batch X shape: torch.Size([100, 15000, 4])
Batch Y shape: torch.Size([100, 5000, 3])
Batch X shape: torch.Size([100, 15000, 4])
Batch Y shape: torch.Size([100, 5000, 3])
Batch X shape: torch.Size([100, 15000, 4])
Batch Y shape: torch.Size([100, 5000, 3])
Batch X shape: torch.Size([100, 15000, 4])
Batch Y shape: torch.Size([100, 5000, 3])
Batch X shape: torch.Size([100, 15000, 4])
Batch Y shape: torch.Size([100, 5000, 3])
Batch X shape: torch.Size([100, 15000, 4])
Batch Y shape: torch.Size([100, 5000, 3])
Batch X shape: torch.Size([100, 15000, 4])
Batch Y shape: torch.Size([100, 5000, 3])
Batch X shape: torch.Size([100, 15000, 4])
Batch Y shape: torch.Size([100, 5000, 3])
Batch X shape: torch.Size([100, 15000, 4])
Batch Y shape: torch.Size([100, 5000, 3])
Batch X shape: torch.Size([100, 15000, 4])
Batch Y shape: torch.Size([100, 5000, 3])
Batch X shape: torch.Size([100, 15000, 4])
Batch Y shape: torch.Size([100, 5000, 3])
Batch X shape: torch.Size([100, 15000, 4])
Batch Y shape: torch.Size([100, 5000, 3])
Batch X shape: torch.Size([100, 15000, 4])
Batch Y shape: torch.Size([100, 5000, 3])
Batch X shape: torch.Size([100, 15000, 4])
Batch Y shape: torch.Size([100, 5000, 3])
Batch X shape: torch.Size([100, 15000, 4])
Batch Y shape: torch.Size([100, 5000, 3])
Batch X shape: torch.Size([100, 15000, 4])
Batch Y shape: torch.Size([100, 5000, 3])
Batch X shape: torch.Size([100, 15000, 4])
Batch Y shape: torch.Size([100, 5000, 3])
Batch X shape: torch.Size([100, 15000, 4])
Batch Y shape: torch.Size([100, 5000, 3])
Batch X shape: torch.Size([100, 15000, 4])
Batch Y shape: torch.Size([100, 5000, 3])
Batch X shape: torch.Size([100, 15000, 4])
Batch Y shape: torch.Size([100, 5000, 3])
Batch X shape: torch.Size([100, 15000, 4])
Batch Y shape: torch.Size([100, 5000, 3])
Batch X shape: torch.Size([100, 15000, 4])
Batch Y shape: torch.Size([100, 5000, 3])
Batch X shape: torch.Size([100, 15000, 4])
Batch Y shape: torch.Size([100, 5000, 3])
Batch X shape: torch.Size([100, 15000, 4])
Batch Y shape: torch.Size([100, 5000, 3])
Batch X shape: torch.Size([100, 15000, 4])
Batch Y shape: torch.Size([100, 5000, 3])
Batch X shape: torch.Size([43, 15000, 4])
Batch Y shape: torch.Size([43, 5000, 3])
--- 26.37718367576599 seconds ---
--- Processing test ... ---
	Reading datafile.h5 ... 
len(self.SEQ):  5222
X_tensor.shape:  (2, 15000, 4)
Y_tensor.shape:  (2, 5000, 3)
X_tensor.shape:  (5, 15000, 4)
Y_tensor.shape:  (5, 5000, 3)
X_tensor.shape:  (4, 15000, 4)
Y_tensor.shape:  (4, 5000, 3)
X_tensor.shape:  (2, 15000, 4)
Y_tensor.shape:  (2, 5000, 3)
X_tensor.shape:  (2, 15000, 4)
Y_tensor.shape:  (2, 5000, 3)
X_tensor.shape:  (2, 15000, 4)
Y_tensor.shape:  (2, 5000, 3)
X_tensor.shape:  (1, 15000, 4)
Y_tensor.shape:  (1, 5000, 3)
X_tensor.shape:  (1, 15000, 4)
Y_tensor.shape:  (1, 5000, 3)
X_tensor.shape:  (8, 15000, 4)
Y_tensor.shape:  (8, 5000, 3)
X_tensor.shape:  (1, 15000, 4)
Y_tensor.shape:  (1, 5000, 3)
X_tensor.shape:  (7, 15000, 4)
Y_tensor.shape:  (7, 5000, 3)
X_tensor.shape:  (5, 15000, 4)
Y_tensor.shape:  (5, 5000, 3)
X_tensor.shape:  (1, 15000, 4)
Y_tensor.shape:  (1, 5000, 3)
X_tensor.shape:  (1, 15000, 4)
Y_tensor.shape:  (1, 5000, 3)
X_tensor.shape:  (4, 15000, 4)
Y_tensor.shape:  (4, 5000, 3)
X_tensor.shape:  (1, 15000, 4)
Y_tensor.shape:  (1, 5000, 3)
X_tensor.shape:  (4, 15000, 4)
Y_tensor.shape:  (4, 5000, 3)
X_tensor.shape:  (3, 15000, 4)
Y_tensor.shape:  (3, 5000, 3)
X_tensor.shape:  (4, 15000, 4)
Y_tensor.shape:  (4, 5000, 3)
X_tensor.shape:  (1, 15000, 4)
Y_tensor.shape:  (1, 5000, 3)
X_tensor.shape:  (3, 15000, 4)
Y_tensor.shape:  (3, 5000, 3)
X_tensor.shape:  (1, 15000, 4)
Y_tensor.shape:  (1, 5000, 3)
X_tensor.shape:  (1, 15000, 4)
Y_tensor.shape:  (1, 5000, 3)
X_tensor.shape:  (3, 15000, 4)
Y_tensor.shape:  (3, 5000, 3)
X_tensor.shape:  (3, 15000, 4)
Y_tensor.shape:  (3, 5000, 3)
X_tensor.shape:  (1, 15000, 4)
Y_tensor.shape:  (1, 5000, 3)
X_tensor.shape:  (3, 15000, 4)
Y_tensor.shape:  (3, 5000, 3)
X_tensor.shape:  (2, 15000, 4)
Y_tensor.shape:  (2, 5000, 3)
X_tensor.shape:  (1, 15000, 4)
Y_tensor.shape:  (1, 5000, 3)
X_tensor.shape:  (1, 15000, 4)
Y_tensor.shape:  (1, 5000, 3)
X_tensor.shape:  (2, 15000, 4)
Y_tensor.shape:  (2, 5000, 3)
X_tensor.shape:  (5, 15000, 4)
Y_tensor.shape:  (5, 5000, 3)
X_tensor.shape:  (8, 15000, 4)
Y_tensor.shape:  (8, 5000, 3)
X_tensor.shape:  (5, 15000, 4)
Y_tensor.shape:  (5, 5000, 3)
X_tensor.shape:  (2, 15000, 4)
Y_tensor.shape:  (2, 5000, 3)
X_tensor.shape:  (7, 15000, 4)
Y_tensor.shape:  (7, 5000, 3)
X_tensor.shape:  (4, 15000, 4)
Y_tensor.shape:  (4, 5000, 3)
X_tensor.shape:  (1, 15000, 4)
Y_tensor.shape:  (1, 5000, 3)
X_tensor.shape:  (5, 15000, 4)
Y_tensor.shape:  (5, 5000, 3)
X_tensor.shape:  (7, 15000, 4)
Y_tensor.shape:  (7, 5000, 3)
X_tensor.shape:  (5, 15000, 4)
Y_tensor.shape:  (5, 5000, 3)
X_tensor.shape:  (6, 15000, 4)
Y_tensor.shape:  (6, 5000, 3)
X_tensor.shape:  (22, 15000, 4)
Y_tensor.shape:  (22, 5000, 3)
X_tensor.shape:  (1, 15000, 4)
Y_tensor.shape:  (1, 5000, 3)
X_tensor.shape:  (1, 15000, 4)
Y_tensor.shape:  (1, 5000, 3)
X_tensor.shape:  (17, 15000, 4)
Y_tensor.shape:  (17, 5000, 3)
X_tensor.shape:  (3, 15000, 4)
Y_tensor.shape:  (3, 5000, 3)
X_tensor.shape:  (28, 15000, 4)
Y_tensor.shape:  (28, 5000, 3)
X_tensor.shape:  (6, 15000, 4)
Y_tensor.shape:  (6, 5000, 3)
X_tensor.shape:  (17, 15000, 4)
Y_tensor.shape:  (17, 5000, 3)
X_tensor.shape:  (15, 15000, 4)
Y_tensor.shape:  (15, 5000, 3)
X_tensor.shape:  (3, 15000, 4)
Y_tensor.shape:  (3, 5000, 3)
X_tensor.shape:  (2, 15000, 4)
Y_tensor.shape:  (2, 5000, 3)
X_tensor.shape:  (18, 15000, 4)
Y_tensor.shape:  (18, 5000, 3)
X_tensor.shape:  (4, 15000, 4)
Y_tensor.shape:  (4, 5000, 3)
X_tensor.shape:  (1, 15000, 4)
Y_tensor.shape:  (1, 5000, 3)
X_tensor.shape:  (2, 15000, 4)
Y_tensor.shape:  (2, 5000, 3)
X_tensor.shape:  (1, 15000, 4)
Y_tensor.shape:  (1, 5000, 3)
X_tensor.shape:  (9, 15000, 4)
Y_tensor.shape:  (9, 5000, 3)
X_tensor.shape:  (33, 15000, 4)
Y_tensor.shape:  (33, 5000, 3)
X_tensor.shape:  (74, 15000, 4)
Y_tensor.shape:  (74, 5000, 3)
X_tensor.shape:  (6, 15000, 4)
Y_tensor.shape:  (6, 5000, 3)
X_tensor.shape:  (28, 15000, 4)
Y_tensor.shape:  (28, 5000, 3)
X_tensor.shape:  (2, 15000, 4)
Y_tensor.shape:  (2, 5000, 3)
X_tensor.shape:  (4, 15000, 4)
Y_tensor.shape:  (4, 5000, 3)
X_tensor.shape:  (17, 15000, 4)
Y_tensor.shape:  (17, 5000, 3)
X_tensor.shape:  (4, 15000, 4)
Y_tensor.shape:  (4, 5000, 3)
X_tensor.shape:  (1, 15000, 4)
Y_tensor.shape:  (1, 5000, 3)
X_tensor.shape:  (4, 15000, 4)
Y_tensor.shape:  (4, 5000, 3)
X_tensor.shape:  (10, 15000, 4)
Y_tensor.shape:  (10, 5000, 3)
X_tensor.shape:  (6, 15000, 4)
Y_tensor.shape:  (6, 5000, 3)
X_tensor.shape:  (3, 15000, 4)
Y_tensor.shape:  (3, 5000, 3)
X_tensor.shape:  (28, 15000, 4)
Y_tensor.shape:  (28, 5000, 3)
X_tensor.shape:  (26, 15000, 4)
Y_tensor.shape:  (26, 5000, 3)
X_tensor.shape:  (22, 15000, 4)
Y_tensor.shape:  (22, 5000, 3)
X_tensor.shape:  (16, 15000, 4)
Y_tensor.shape:  (16, 5000, 3)
X_tensor.shape:  (3, 15000, 4)
Y_tensor.shape:  (3, 5000, 3)
X_tensor.shape:  (4, 15000, 4)
Y_tensor.shape:  (4, 5000, 3)
X_tensor.shape:  (3, 15000, 4)
Y_tensor.shape:  (3, 5000, 3)
X_tensor.shape:  (1, 15000, 4)
Y_tensor.shape:  (1, 5000, 3)
X_tensor.shape:  (3, 15000, 4)
Y_tensor.shape:  (3, 5000, 3)
X_tensor.shape:  (26, 15000, 4)
Y_tensor.shape:  (26, 5000, 3)
X_tensor.shape:  (1, 15000, 4)
Y_tensor.shape:  (1, 5000, 3)
X_tensor.shape:  (8, 15000, 4)
Y_tensor.shape:  (8, 5000, 3)
X_tensor.shape:  (2, 15000, 4)
Y_tensor.shape:  (2, 5000, 3)
X_tensor.shape:  (11, 15000, 4)
Y_tensor.shape:  (11, 5000, 3)
X_tensor.shape:  (7, 15000, 4)
Y_tensor.shape:  (7, 5000, 3)
X_tensor.shape:  (5, 15000, 4)
Y_tensor.shape:  (5, 5000, 3)
X_tensor.shape:  (2, 15000, 4)
Y_tensor.shape:  (2, 5000, 3)
X_tensor.shape:  (3, 15000, 4)
Y_tensor.shape:  (3, 5000, 3)
X_tensor.shape:  (3, 15000, 4)
Y_tensor.shape:  (3, 5000, 3)
X_tensor.shape:  (3, 15000, 4)
Y_tensor.shape:  (3, 5000, 3)
X_tensor.shape:  (14, 15000, 4)
Y_tensor.shape:  (14, 5000, 3)
X_tensor.shape:  (197, 15000, 4)
Y_tensor.shape:  (197, 5000, 3)
X_tensor.shape:  (3, 15000, 4)
Y_tensor.shape:  (3, 5000, 3)
X_tensor.shape:  (13, 15000, 4)
Y_tensor.shape:  (13, 5000, 3)
X_tensor.shape:  (14, 15000, 4)
Y_tensor.shape:  (14, 5000, 3)
X_tensor.shape:  (5, 15000, 4)
Y_tensor.shape:  (5, 5000, 3)
X_tensor.shape:  (5, 15000, 4)
Y_tensor.shape:  (5, 5000, 3)
X_tensor.shape:  (3, 15000, 4)
Y_tensor.shape:  (3, 5000, 3)
X_tensor.shape:  (6, 15000, 4)
Y_tensor.shape:  (6, 5000, 3)
X_tensor.shape:  (94, 15000, 4)
Y_tensor.shape:  (94, 5000, 3)
X_tensor.shape:  (4, 15000, 4)
Y_tensor.shape:  (4, 5000, 3)
X_tensor.shape:  (6, 15000, 4)
Y_tensor.shape:  (6, 5000, 3)
X_tensor.shape:  (7, 15000, 4)
Y_tensor.shape:  (7, 5000, 3)
X_tensor.shape:  (12, 15000, 4)
Y_tensor.shape:  (12, 5000, 3)
X_tensor.shape:  (6, 15000, 4)
Y_tensor.shape:  (6, 5000, 3)
X_tensor.shape:  (8, 15000, 4)
Y_tensor.shape:  (8, 5000, 3)
X_tensor.shape:  (16, 15000, 4)
Y_tensor.shape:  (16, 5000, 3)
X_tensor.shape:  (10, 15000, 4)
Y_tensor.shape:  (10, 5000, 3)
X_tensor.shape:  (6, 15000, 4)
Y_tensor.shape:  (6, 5000, 3)
X_tensor.shape:  (21, 15000, 4)
Y_tensor.shape:  (21, 5000, 3)
X_tensor.shape:  (20, 15000, 4)
Y_tensor.shape:  (20, 5000, 3)
X_tensor.shape:  (13, 15000, 4)
Y_tensor.shape:  (13, 5000, 3)
X_tensor.shape:  (5, 15000, 4)
Y_tensor.shape:  (5, 5000, 3)
X_tensor.shape:  (11, 15000, 4)
Y_tensor.shape:  (11, 5000, 3)
X_tensor.shape:  (4, 15000, 4)
Y_tensor.shape:  (4, 5000, 3)
X_tensor.shape:  (30, 15000, 4)
Y_tensor.shape:  (30, 5000, 3)
X_tensor.shape:  (35, 15000, 4)
Y_tensor.shape:  (35, 5000, 3)
X_tensor.shape:  (5, 15000, 4)
Y_tensor.shape:  (5, 5000, 3)
X_tensor.shape:  (3, 15000, 4)
Y_tensor.shape:  (3, 5000, 3)
X_tensor.shape:  (1, 15000, 4)
Y_tensor.shape:  (1, 5000, 3)
X_tensor.shape:  (4, 15000, 4)
Y_tensor.shape:  (4, 5000, 3)
X_tensor.shape:  (32, 15000, 4)
Y_tensor.shape:  (32, 5000, 3)
X_tensor.shape:  (33, 15000, 4)
Y_tensor.shape:  (33, 5000, 3)
X_tensor.shape:  (8, 15000, 4)
Y_tensor.shape:  (8, 5000, 3)
X_tensor.shape:  (4, 15000, 4)
Y_tensor.shape:  (4, 5000, 3)
X_tensor.shape:  (5, 15000, 4)
Y_tensor.shape:  (5, 5000, 3)
X_tensor.shape:  (2, 15000, 4)
Y_tensor.shape:  (2, 5000, 3)
X_tensor.shape:  (7, 15000, 4)
Y_tensor.shape:  (7, 5000, 3)
X_tensor.shape:  (32, 15000, 4)
Y_tensor.shape:  (32, 5000, 3)
X_tensor.shape:  (2, 15000, 4)
Y_tensor.shape:  (2, 5000, 3)
X_tensor.shape:  (6, 15000, 4)
Y_tensor.shape:  (6, 5000, 3)
X_tensor.shape:  (12, 15000, 4)
Y_tensor.shape:  (12, 5000, 3)
X_tensor.shape:  (2, 15000, 4)
Y_tensor.shape:  (2, 5000, 3)
X_tensor.shape:  (2, 15000, 4)
Y_tensor.shape:  (2, 5000, 3)
X_tensor.shape:  (3, 15000, 4)
Y_tensor.shape:  (3, 5000, 3)
X_tensor.shape:  (4, 15000, 4)
Y_tensor.shape:  (4, 5000, 3)
X_tensor.shape:  (8, 15000, 4)
Y_tensor.shape:  (8, 5000, 3)
X_tensor.shape:  (3, 15000, 4)
Y_tensor.shape:  (3, 5000, 3)
X_tensor.shape:  (6, 15000, 4)
Y_tensor.shape:  (6, 5000, 3)
X_tensor.shape:  (5, 15000, 4)
Y_tensor.shape:  (5, 5000, 3)
X_tensor.shape:  (8, 15000, 4)
Y_tensor.shape:  (8, 5000, 3)
X_tensor.shape:  (1, 15000, 4)
Y_tensor.shape:  (1, 5000, 3)
X_tensor.shape:  (1, 15000, 4)
Y_tensor.shape:  (1, 5000, 3)
X_tensor.shape:  (2, 15000, 4)
Y_tensor.shape:  (2, 5000, 3)
X_tensor.shape:  (9, 15000, 4)
Y_tensor.shape:  (9, 5000, 3)
X_tensor.shape:  (7, 15000, 4)
Y_tensor.shape:  (7, 5000, 3)
X_tensor.shape:  (3, 15000, 4)
Y_tensor.shape:  (3, 5000, 3)
X_tensor.shape:  (17, 15000, 4)
Y_tensor.shape:  (17, 5000, 3)
X_tensor.shape:  (9, 15000, 4)
Y_tensor.shape:  (9, 5000, 3)
X_tensor.shape:  (57, 15000, 4)
Y_tensor.shape:  (57, 5000, 3)
X_tensor.shape:  (11, 15000, 4)
Y_tensor.shape:  (11, 5000, 3)
X_tensor.shape:  (5, 15000, 4)
Y_tensor.shape:  (5, 5000, 3)
X_tensor.shape:  (3, 15000, 4)
Y_tensor.shape:  (3, 5000, 3)
X_tensor.shape:  (4, 15000, 4)
Y_tensor.shape:  (4, 5000, 3)
X_tensor.shape:  (1, 15000, 4)
Y_tensor.shape:  (1, 5000, 3)
X_tensor.shape:  (2, 15000, 4)
Y_tensor.shape:  (2, 5000, 3)
X_tensor.shape:  (2, 15000, 4)
Y_tensor.shape:  (2, 5000, 3)
X_tensor.shape:  (1, 15000, 4)
Y_tensor.shape:  (1, 5000, 3)
X_tensor.shape:  (1, 15000, 4)
Y_tensor.shape:  (1, 5000, 3)
X_tensor.shape:  (2, 15000, 4)
Y_tensor.shape:  (2, 5000, 3)
X_tensor.shape:  (2, 15000, 4)
Y_tensor.shape:  (2, 5000, 3)
X_tensor.shape:  (1, 15000, 4)
Y_tensor.shape:  (1, 5000, 3)
X_tensor.shape:  (2, 15000, 4)
Y_tensor.shape:  (2, 5000, 3)
X_tensor.shape:  (2, 15000, 4)
Y_tensor.shape:  (2, 5000, 3)
X_tensor.shape:  (1, 15000, 4)
Y_tensor.shape:  (1, 5000, 3)
X_tensor.shape:  (2, 15000, 4)
Y_tensor.shape:  (2, 5000, 3)
X_tensor.shape:  (1, 15000, 4)
Y_tensor.shape:  (1, 5000, 3)
X_tensor.shape:  (2, 15000, 4)
Y_tensor.shape:  (2, 5000, 3)
X_tensor.shape:  (2, 15000, 4)
Y_tensor.shape:  (2, 5000, 3)
X_tensor.shape:  (2, 15000, 4)
Y_tensor.shape:  (2, 5000, 3)
X_tensor.shape:  (1, 15000, 4)
Y_tensor.shape:  (1, 5000, 3)
X_tensor.shape:  (2, 15000, 4)
Y_tensor.shape:  (2, 5000, 3)
X_tensor.shape:  (1, 15000, 4)
Y_tensor.shape:  (1, 5000, 3)
X_tensor.shape:  (2, 15000, 4)
Y_tensor.shape:  (2, 5000, 3)
X_tensor.shape:  (2, 15000, 4)
Y_tensor.shape:  (2, 5000, 3)
X_tensor.shape:  (2, 15000, 4)
Y_tensor.shape:  (2, 5000, 3)
X_tensor.shape:  (1, 15000, 4)
Y_tensor.shape:  (1, 5000, 3)
X_tensor.shape:  (1, 15000, 4)
Y_tensor.shape:  (1, 5000, 3)
X_tensor.shape:  (3, 15000, 4)
Y_tensor.shape:  (3, 5000, 3)
X_tensor.shape:  (8, 15000, 4)
Y_tensor.shape:  (8, 5000, 3)
X_tensor.shape:  (7, 15000, 4)
Y_tensor.shape:  (7, 5000, 3)
X_tensor.shape:  (25, 15000, 4)
Y_tensor.shape:  (25, 5000, 3)
X_tensor.shape:  (246, 15000, 4)
Y_tensor.shape:  (246, 5000, 3)
X_tensor.shape:  (14, 15000, 4)
Y_tensor.shape:  (14, 5000, 3)
X_tensor.shape:  (34, 15000, 4)
Y_tensor.shape:  (34, 5000, 3)
X_tensor.shape:  (5, 15000, 4)
Y_tensor.shape:  (5, 5000, 3)
X_tensor.shape:  (3, 15000, 4)
Y_tensor.shape:  (3, 5000, 3)
X_tensor.shape:  (4, 15000, 4)
Y_tensor.shape:  (4, 5000, 3)
X_tensor.shape:  (4, 15000, 4)
Y_tensor.shape:  (4, 5000, 3)
X_tensor.shape:  (7, 15000, 4)
Y_tensor.shape:  (7, 5000, 3)
X_tensor.shape:  (9, 15000, 4)
Y_tensor.shape:  (9, 5000, 3)
X_tensor.shape:  (3, 15000, 4)
Y_tensor.shape:  (3, 5000, 3)
X_tensor.shape:  (11, 15000, 4)
Y_tensor.shape:  (11, 5000, 3)
X_tensor.shape:  (11, 15000, 4)
Y_tensor.shape:  (11, 5000, 3)
X_tensor.shape:  (2, 15000, 4)
Y_tensor.shape:  (2, 5000, 3)
X_tensor.shape:  (2, 15000, 4)
Y_tensor.shape:  (2, 5000, 3)
X_tensor.shape:  (6, 15000, 4)
Y_tensor.shape:  (6, 5000, 3)
X_tensor.shape:  (19, 15000, 4)
Y_tensor.shape:  (19, 5000, 3)
X_tensor.shape:  (7, 15000, 4)
Y_tensor.shape:  (7, 5000, 3)
self.X_data.shape:  2016
self.Y_data.shape:  2016
dataloader:  <torch.utils.data.dataloader.DataLoader object at 0x155529407130>
Batch X shape: torch.Size([100, 15000, 4])
Batch Y shape: torch.Size([100, 5000, 3])
Batch X shape: torch.Size([100, 15000, 4])
Batch Y shape: torch.Size([100, 5000, 3])
Batch X shape: torch.Size([100, 15000, 4])
Batch Y shape: torch.Size([100, 5000, 3])
Batch X shape: torch.Size([100, 15000, 4])
Batch Y shape: torch.Size([100, 5000, 3])
Batch X shape: torch.Size([100, 15000, 4])
Batch Y shape: torch.Size([100, 5000, 3])
Batch X shape: torch.Size([100, 15000, 4])
Batch Y shape: torch.Size([100, 5000, 3])
Batch X shape: torch.Size([100, 15000, 4])
Batch Y shape: torch.Size([100, 5000, 3])
Batch X shape: torch.Size([100, 15000, 4])
Batch Y shape: torch.Size([100, 5000, 3])
Batch X shape: torch.Size([100, 15000, 4])
Batch Y shape: torch.Size([100, 5000, 3])
Batch X shape: torch.Size([100, 15000, 4])
Batch Y shape: torch.Size([100, 5000, 3])
Batch X shape: torch.Size([100, 15000, 4])
Batch Y shape: torch.Size([100, 5000, 3])
Batch X shape: torch.Size([100, 15000, 4])
Batch Y shape: torch.Size([100, 5000, 3])
Batch X shape: torch.Size([100, 15000, 4])
Batch Y shape: torch.Size([100, 5000, 3])
Batch X shape: torch.Size([100, 15000, 4])
Batch Y shape: torch.Size([100, 5000, 3])
Batch X shape: torch.Size([100, 15000, 4])
Batch Y shape: torch.Size([100, 5000, 3])
Batch X shape: torch.Size([100, 15000, 4])
Batch Y shape: torch.Size([100, 5000, 3])
Batch X shape: torch.Size([100, 15000, 4])
Batch Y shape: torch.Size([100, 5000, 3])
Batch X shape: torch.Size([100, 15000, 4])
Batch Y shape: torch.Size([100, 5000, 3])
Batch X shape: torch.Size([100, 15000, 4])
Batch Y shape: torch.Size([100, 5000, 3])
Batch X shape: torch.Size([100, 15000, 4])
Batch Y shape: torch.Size([100, 5000, 3])
Batch X shape: torch.Size([16, 15000, 4])
Batch Y shape: torch.Size([16, 5000, 3])
--- 14.476766347885132 seconds ---
